Date: Fri Oct 16 12:08:47 2020
From: =?UTF-8?B?5qCq5byP5Lya56S+UkFJTg==?= <rainrain20151111@gmail.com>
Subj: tesuto
File: !rainrain20151111@gmail.com                                       (3016)

Date: Fri Oct 16 12:08:47 2020
From: =?UTF-8?B?5qCq5byP5Lya56S+UkFJTg==?= <rainrain20151111@gmail.com>
Subj: tesuto
File: /home/raindiamond/ai-jewelly.com/mail/ai-jewelly.com/info@ai-jewe (3016)

Date: Sun Oct 18 00:35:19 2020
From: cPanel<accounts@cpanel.net>
Subj: Inode quota exceeded ai-jewelly.com
File: !rainrain20151111@gmail.com                                      (55494)

Date: Sun Oct 18 00:35:19 2020
From: cPanel<accounts@cpanel.net>
Subj: Inode quota exceeded ai-jewelly.com
File: /home/raindiamond/ai-jewelly.com/mail/ai-jewelly.com/info@ai-jew (55494)

Date: Sun Oct 18 11:34:55 2020
From: cPanel<accounts@cpanel.net>
Subj: Suspension : Removal of ai-jewelly.com from our server
File: !rainrain20151111@gmail.com                                     (220666)

Date: Sun Oct 18 11:34:55 2020
From: cPanel<accounts@cpanel.net>
Subj: Suspension : Removal of ai-jewelly.com from our server
File: /home/raindiamond/ai-jewelly.com/mail/ai-jewelly.com/info@ai-je (220666)

Date: Fri Oct 23 07:53:40 2020
From: "Sport Shirts"<maxpo01@sina.com>
Subj: Sportswear Quotation
File: !rainrain20151111@gmail.com                                       (4817)

Date: Fri Oct 23 07:53:40 2020
From: "Sport Shirts"<maxpo01@sina.com>
Subj: Sportswear Quotation
File: /home/raindiamond/ai-jewelly.com/mail/ai-jewelly.com/info@ai-jewe (4817)

Date: Sat Nov  7 15:12:59 2020
From: "Instagram" <no-reply@mail.instagram.com>
Subj: 864092 is your Instagram code
File: !rainrain20151111@gmail.com                                       (7330)

Date: Sat Nov  7 15:12:59 2020
From: "Instagram" <no-reply@mail.instagram.com>
Subj: 864092 is your Instagram code
File: /home/raindiamond/ai-jewelly.com/mail/ai-jewelly.com/info@ai-jewe (7330)

Date: Sat Nov  7 15:23:28 2020
From: "Instagram" <no-reply@mail.instagram.com>
Subj: 053819 is your Instagram code
File: !rainrain20151111@gmail.com                                       (7330)

Date: Sat Nov  7 15:23:28 2020
From: "Instagram" <no-reply@mail.instagram.com>
Subj: 053819 is your Instagram code
File: /home/raindiamond/ai-jewelly.com/mail/ai-jewelly.com/info@ai-jewe (7330)

Date: Sat Nov  7 15:28:03 2020
From: Twitter <verify@twitter.com>
Subj: =?UTF-8?Q?Twitter=E3=81=AE=E8=AA=8D=E8=A8=BC=E3=82=B3?=
File: !rainrain20151111@gmail.com                                      (18558)

Date: Sat Nov  7 15:28:03 2020
From: Twitter <verify@twitter.com>
Subj: =?UTF-8?Q?Twitter=E3=81=AE=E8=AA=8D=E8=A8=BC=E3=82=B3?=
File: /home/raindiamond/ai-jewelly.com/mail/ai-jewelly.com/info@ai-jew (18558)

Date: Sat Nov  7 15:28:30 2020
From: Twitter <info@twitter.com>
Subj: @AiJewelly, we see that you're new
File: !rainrain20151111@gmail.com                                      (37158)

Date: Sat Nov  7 15:28:30 2020
From: Twitter <info@twitter.com>
Subj: @AiJewelly, we see that you're new
File: /home/raindiamond/ai-jewelly.com/mail/ai-jewelly.com/info@ai-jew (37158)

Date: Sun Nov  8 08:18:30 2020
From: Twitter <info@twitter.com>
Subj: =?UTF-8?Q?=E3=83=A2=E3=83=BC=E3=83=A1=E3=83=B3=E3=83=88=E3=80=8CCa?=
File: !rainrain20151111@gmail.com                                      (80175)

Date: Sun Nov  8 08:18:30 2020
From: Twitter <info@twitter.com>
Subj: =?UTF-8?Q?=E3=83=A2=E3=83=BC=E3=83=A1=E3=83=B3=E3=83=88=E3=80=8CCa?=
File: /home/raindiamond/ai-jewelly.com/mail/ai-jewelly.com/info@ai-jew (80175)

Date: Mon Nov  9 08:18:45 2020
From: Twitter <info@twitter.com>
Subj: =?UTF-8?Q?=E3=83=A2=E3=83=BC=E3=83=A1=E3=83=B3=E3=83=88=E3=80=8CTh?=
File: !rainrain20151111@gmail.com                                      (80215)

Date: Mon Nov  9 08:18:45 2020
From: Twitter <info@twitter.com>
Subj: =?UTF-8?Q?=E3=83=A2=E3=83=BC=E3=83=A1=E3=83=B3=E3=83=88=E3=80=8CTh?=
File: /home/raindiamond/ai-jewelly.com/mail/ai-jewelly.com/info@ai-jew (80215)

Date: Tue Nov 10 08:19:20 2020
From: Twitter <info@twitter.com>
Subj: =?UTF-8?B?44Oi44O844Oh44Oz44OI44CM44Ki44Oh?=
File: !rainrain20151111@gmail.com                                      (90738)

Date: Tue Nov 10 08:19:20 2020
From: Twitter <info@twitter.com>
Subj: =?UTF-8?B?44Oi44O844Oh44Oz44OI44CM44Ki44Oh?=
File: /home/raindiamond/ai-jewelly.com/mail/ai-jewelly.com/info@ai-jew (90738)

Date: Wed Nov 11 08:19:23 2020
From: Twitter <info@twitter.com>
Subj: =?UTF-8?B?44Oi44O844Oh44Oz44OI44CM57Gz44Ki44OD44OX44OrIOOAjE0=?=
File: !rainrain20151111@gmail.com                                      (91559)

Date: Wed Nov 11 08:19:23 2020
From: Twitter <info@twitter.com>
Subj: =?UTF-8?B?44Oi44O844Oh44Oz44OI44CM57Gz44Ki44OD44OX44OrIOOAjE0=?=
File: /home/raindiamond/ai-jewelly.com/mail/ai-jewelly.com/info@ai-jew (91559)

Date: Thu Nov 12 16:58:24 2020
From: Twitter <info@twitter.com>
Subj: =?UTF-8?B?5Y+w5p2x5Yy644Gu5Yip55So6ICF44GM?=
File: !rainrain20151111@gmail.com                                      (91370)

Date: Thu Nov 12 16:58:24 2020
From: Twitter <info@twitter.com>
Subj: =?UTF-8?B?5Y+w5p2x5Yy644Gu5Yip55So6ICF44GM?=
File: /home/raindiamond/ai-jewelly.com/mail/ai-jewelly.com/info@ai-jew (91370)

Date: Thu Nov 12 22:31:12 2020
From: "Instagram Psicologo-Online24.it" <no-reply@mail.instagram.com>
Subj: =?UTF-8?B?cHNpY29sb2dvbmxpbmUy?=
File: !rainrain20151111@gmail.com                                      (20107)

Date: Thu Nov 12 22:31:12 2020
From: "Instagram Psicologo-Online24.it" <no-reply@mail.instagram.com>
Subj: =?UTF-8?B?cHNpY29sb2dvbmxpbmUy?=
File: /home/raindiamond/ai-jewelly.com/mail/ai-jewelly.com/info@ai-jew (20107)

Date: Fri Nov 13 07:48:15 2020
From: Twitter <info@twitter.com>
Subj: =?UTF-8?B?5Y+w5p2x5Yy644Gu5Yip55So6ICF44GM?=
File: !rainrain20151111@gmail.com                                      (90208)

Date: Fri Nov 13 07:48:15 2020
From: Twitter <info@twitter.com>
Subj: =?UTF-8?B?5Y+w5p2x5Yy644Gu5Yip55So6ICF44GM?=
File: /home/raindiamond/ai-jewelly.com/mail/ai-jewelly.com/info@ai-jew (90208)

Date: Sat Nov 14 08:19:40 2020
From: Twitter <info@twitter.com>
Subj: =?UTF-8?B?44Oi44O844Oh44Oz44OI44CM44OR44Kk55Sf5Zyw?=
File: !rainrain20151111@gmail.com                                      (88761)

Date: Sat Nov 14 08:19:40 2020
From: Twitter <info@twitter.com>
Subj: =?UTF-8?B?44Oi44O844Oh44Oz44OI44CM44OR44Kk55Sf5Zyw?=
File: /home/raindiamond/ai-jewelly.com/mail/ai-jewelly.com/info@ai-jew (88761)

Date: Sun Nov 15 08:33:51 2020
From: Twitter <info@twitter.com>
Subj: =?UTF-8?B?44Oi44O844Oh44Oz44OI44CM5L+z5YSq44Gu56qq5a+6?=
File: !rainrain20151111@gmail.com                                      (92225)

Date: Sun Nov 15 08:33:51 2020
From: Twitter <info@twitter.com>
Subj: =?UTF-8?B?44Oi44O844Oh44Oz44OI44CM5L+z5YSq44Gu56qq5a+6?=
File: /home/raindiamond/ai-jewelly.com/mail/ai-jewelly.com/info@ai-jew (92225)

Date: Mon Nov 16 08:30:48 2020
From: Twitter <info@twitter.com>
Subj: =?UTF-8?B?44Oi44O844Oh44Oz44OI44CM6YeO5Y+j?=
File: !rainrain20151111@gmail.com                                      (91377)

Date: Mon Nov 16 08:30:48 2020
From: Twitter <info@twitter.com>
Subj: =?UTF-8?B?44Oi44O844Oh44Oz44OI44CM6YeO5Y+j?=
File: /home/raindiamond/ai-jewelly.com/mail/ai-jewelly.com/info@ai-jew (91377)

Date: Tue Nov 17 08:17:24 2020
From: Twitter <info@twitter.com>
Subj: =?UTF-8?B?44Oi44O844Oh44Oz44OI44CM5LuK44G+44Gn44Gu?=
File: !rainrain20151111@gmail.com                                      (89115)

Date: Tue Nov 17 08:17:24 2020
From: Twitter <info@twitter.com>
Subj: =?UTF-8?B?44Oi44O844Oh44Oz44OI44CM5LuK44G+44Gn44Gu?=
File: /home/raindiamond/ai-jewelly.com/mail/ai-jewelly.com/info@ai-jew (89115)

Date: Fri Nov 20 09:51:45 2020
From: "Instagram" <no-reply@mail.instagram.com>
Subj: =?UTF-8?B?SW5zdGFncmFt5Yip55So6KaP57SE5pS55a6a?=
File: !rainrain20151111@gmail.com                                       (9128)

Date: Fri Nov 20 09:51:45 2020
From: "Instagram" <no-reply@mail.instagram.com>
Subj: =?UTF-8?B?SW5zdGFncmFt5Yip55So6KaP57SE5pS55a6a?=
File: /home/raindiamond/ai-jewelly.com/mail/ai-jewelly.com/info@ai-jewe (9128)

Date: Fri Nov 20 19:37:51 2020
From: =?UTF-8?B?SW5zdGFncmFtIOebuOS6kuODleOCqeODreODvDEwMCXpn7Pmpb3lpb3jgY0=?=
Subj: =?UTF-8?B?c291Z29mb2xsb3c2MzYz?=
File: !rainrain20151111@gmail.com                                      (25651)

Date: Fri Nov 20 19:37:51 2020
From: =?UTF-8?B?SW5zdGFncmFtIOebuOS6kuODleOCqeODreODvDEwMCXpn7Pmpb3lpb3jgY0=?=
Subj: =?UTF-8?B?c291Z29mb2xsb3c2MzYz?=
File: /home/raindiamond/ai-jewelly.com/mail/ai-jewelly.com/info@ai-jew (25651)

Date: Sat Nov 21 07:45:30 2020
From: Twitter <info@twitter.com>
Subj: =?UTF-8?B?5Y+w5p2x5Yy644Gu5Yip55So6ICF44GM44CM5pig55S756eY5a6dIDIwMg==?=
File: !rainrain20151111@gmail.com                                      (85182)

Date: Sat Nov 21 07:45:30 2020
From: Twitter <info@twitter.com>
Subj: =?UTF-8?B?5Y+w5p2x5Yy644Gu5Yip55So6ICF44GM44CM5pig55S756eY5a6dIDIwMg==?=
File: /home/raindiamond/ai-jewelly.com/mail/ai-jewelly.com/info@ai-jew (85182)

Date: Sat Nov 21 15:19:46 2020
From: Twitter <info@twitter.com>
Subj: =?UTF-8?B?YWktamV3ZWxseeOBlQ==?=
File: !rainrain20151111@gmail.com                                      (34820)

Date: Sat Nov 21 15:19:46 2020
From: Twitter <info@twitter.com>
Subj: =?UTF-8?B?YWktamV3ZWxseeOBlQ==?=
File: /home/raindiamond/ai-jewelly.com/mail/ai-jewelly.com/info@ai-jew (34820)

Date: Sun Nov 29 21:01:45 2020
From: "Instagram Antonio Villalobos" <no-reply@mail.instagram.com>
Subj: jose_13villalobos and 9 others started following you
File: !rainrain20151111@gmail.com                                      (25643)

Date: Sun Nov 29 21:01:45 2020
From: "Instagram Antonio Villalobos" <no-reply@mail.instagram.com>
Subj: jose_13villalobos and 9 others started following you
File: /home/raindiamond/ai-jewelly.com/mail/ai-jewelly.com/info@ai-jew (25643)

Date: Wed Dec  9 15:46:11 2020
From: "Instagram" <no-reply@mail.instagram.com>
Subj: =?UTF-8?B?YWlfamV3ZWxseSDigJUgSW4=?=
File: !rainrain20151111@gmail.com                                      (15604)

Date: Wed Dec  9 15:46:11 2020
From: "Instagram" <no-reply@mail.instagram.com>
Subj: =?UTF-8?B?YWlfamV3ZWxseSDigJUgSW4=?=
File: /home/raindiamond/ai-jewelly.com/mail/ai-jewelly.com/info@ai-jew (15604)

Date: Fri Dec 11 15:51:46 2020
From: "Instagram" <no-reply@mail.instagram.com>
Subj: =?UTF-8?B?YWlfamV3ZWxseSDigJUg44OV44Kj?=
File: !rainrain20151111@gmail.com                                      (30601)

Date: Fri Dec 11 15:51:46 2020
From: "Instagram" <no-reply@mail.instagram.com>
Subj: =?UTF-8?B?YWlfamV3ZWxseSDigJUg44OV44Kj?=
File: /home/raindiamond/ai-jewelly.com/mail/ai-jewelly.com/info@ai-jew (30601)

Date: Sun Dec 13 15:53:44 2020
From: "Instagram" <no-reply@mail.instagram.com>
Subj: =?UTF-8?B?YW5nZV9ib3VxdWV044CBbmE=?=
File: !rainrain20151111@gmail.com                                      (25823)

Date: Sun Dec 13 15:53:44 2020
From: "Instagram" <no-reply@mail.instagram.com>
Subj: =?UTF-8?B?YW5nZV9ib3VxdWV044CBbmE=?=
File: /home/raindiamond/ai-jewelly.com/mail/ai-jewelly.com/info@ai-jew (25823)

Date: Tue Dec 15 15:50:50 2020
From: "Instagram" <no-reply@mail.instagram.com>
Subj: =?UTF-8?B?YWlfamV3ZWxseSDigJUg44OV44Kj?=
File: !rainrain20151111@gmail.com                                      (30255)

Date: Tue Dec 15 15:50:50 2020
From: "Instagram" <no-reply@mail.instagram.com>
Subj: =?UTF-8?B?YWlfamV3ZWxseSDigJUg44OV44Kj?=
File: /home/raindiamond/ai-jewelly.com/mail/ai-jewelly.com/info@ai-jew (30255)

Date: Thu Dec 17 15:10:56 2020
From: "Instagram" <no-reply@mail.instagram.com>
Subj: =?UTF-8?B?YWlfamV3ZWxseSDigJUgSW4=?=
File: !rainrain20151111@gmail.com                                      (24042)

Date: Thu Dec 17 15:10:56 2020
From: "Instagram" <no-reply@mail.instagram.com>
Subj: =?UTF-8?B?YWlfamV3ZWxseSDigJUgSW4=?=
File: /home/raindiamond/ai-jewelly.com/mail/ai-jewelly.com/info@ai-jew (24042)

Date: Fri Dec 18 15:53:49 2020
From: "Instagram" <no-reply@mail.instagram.com>
Subj: =?UTF-8?B?YWlfamV3ZWxseSDigJUg44OV44Kj?=
File: !rainrain20151111@gmail.com                                      (30360)

Date: Fri Dec 18 15:53:49 2020
From: "Instagram" <no-reply@mail.instagram.com>
Subj: =?UTF-8?B?YWlfamV3ZWxseSDigJUg44OV44Kj?=
File: /home/raindiamond/ai-jewelly.com/mail/ai-jewelly.com/info@ai-jew (30360)

Date: Mon Dec 21 15:08:20 2020
From: "Instagram" <no-reply@mail.instagram.com>
Subj: =?UTF-8?B?YWlfamV3ZWxseSDigJUgSW4=?=
File: !rainrain20151111@gmail.com                                      (23358)

Date: Mon Dec 21 15:08:20 2020
From: "Instagram" <no-reply@mail.instagram.com>
Subj: =?UTF-8?B?YWlfamV3ZWxseSDigJUgSW4=?=
File: /home/raindiamond/ai-jewelly.com/mail/ai-jewelly.com/info@ai-jew (23358)

Date: Tue Dec 22 15:08:42 2020
From: "Instagram" <no-reply@mail.instagram.com>
Subj: =?UTF-8?B?YWlfamV3ZWxseSDigJUg44OV44Kj?=
File: !rainrain20151111@gmail.com                                      (29259)

Date: Tue Dec 22 15:08:42 2020
From: "Instagram" <no-reply@mail.instagram.com>
Subj: =?UTF-8?B?YWlfamV3ZWxseSDigJUg44OV44Kj?=
File: /home/raindiamond/ai-jewelly.com/mail/ai-jewelly.com/info@ai-jew (29259)

Date: Thu Dec 24 15:38:49 2020
From: "Instagram" <no-reply@mail.instagram.com>
Subj: =?UTF-8?B?cGV0el9oaXJvMDDjgIFzZWw=?=
File: !rainrain20151111@gmail.com                                      (24883)

Date: Thu Dec 24 15:38:49 2020
From: "Instagram" <no-reply@mail.instagram.com>
Subj: =?UTF-8?B?cGV0el9oaXJvMDDjgIFzZWw=?=
File: /home/raindiamond/ai-jewelly.com/mail/ai-jewelly.com/info@ai-jew (24883)

Date: Fri Dec 25 15:42:04 2020
From: "Instagram" <no-reply@mail.instagram.com>
Subj: =?UTF-8?B?YWlfamV3ZWxseSDigJUg44OV44Kj?=
File: !rainrain20151111@gmail.com                                      (29258)

Date: Fri Dec 25 15:42:04 2020
From: "Instagram" <no-reply@mail.instagram.com>
Subj: =?UTF-8?B?YWlfamV3ZWxseSDigJUg44OV44Kj?=
File: /home/raindiamond/ai-jewelly.com/mail/ai-jewelly.com/info@ai-jew (29258)

Date: Sun Dec 27 15:38:38 2020
From: "Instagram" <no-reply@mail.instagram.com>
Subj: =?UTF-8?B?YWlfamV3ZWxseSDigJUgSW4=?=
File: !rainrain20151111@gmail.com                                      (23076)

Date: Sun Dec 27 15:38:38 2020
From: "Instagram" <no-reply@mail.instagram.com>
Subj: =?UTF-8?B?YWlfamV3ZWxseSDigJUgSW4=?=
File: /home/raindiamond/ai-jewelly.com/mail/ai-jewelly.com/info@ai-jew (23076)

Date: Tue Dec 29 15:14:27 2020
From: "Instagram" <no-reply@mail.instagram.com>
Subj: =?UTF-8?B?YWlfamV3ZWxseSDigJUg44OV44Kj?=
File: !rainrain20151111@gmail.com                                      (29121)

Date: Tue Dec 29 15:14:27 2020
From: "Instagram" <no-reply@mail.instagram.com>
Subj: =?UTF-8?B?YWlfamV3ZWxseSDigJUg44OV44Kj?=
File: /home/raindiamond/ai-jewelly.com/mail/ai-jewelly.com/info@ai-jew (29121)

Date: Thu Dec 31 15:28:13 2020
From: "Instagram" <no-reply@mail.instagram.com>
Subj: =?UTF-8?B?YWlfamV3ZWxseSDigJUgSW4=?=
File: !rainrain20151111@gmail.com                                      (23368)

Date: Thu Dec 31 15:28:13 2020
From: "Instagram" <no-reply@mail.instagram.com>
Subj: =?UTF-8?B?YWlfamV3ZWxseSDigJUgSW4=?=
File: /home/raindiamond/ai-jewelly.com/mail/ai-jewelly.com/info@ai-jew (23368)

Date: Fri Jan  1 15:42:11 2021
From: "Instagram" <no-reply@mail.instagram.com>
Subj: =?UTF-8?B?YWlfamV3ZWxseSDigJUg44OV44Kj?=
File: !rainrain20151111@gmail.com                                      (29120)

Date: Fri Jan  1 15:42:11 2021
From: "Instagram" <no-reply@mail.instagram.com>
Subj: =?UTF-8?B?YWlfamV3ZWxseSDigJUg44OV44Kj?=
File: /home/raindiamond/ai-jewelly.com/mail/ai-jewelly.com/info@ai-jew (29120)

Date: Sun Jan  3 15:00:45 2021
From: "Instagram" <no-reply@mail.instagram.com>
Subj: =?UTF-8?B?YW5nZV9ib3VxdWV044CBZHI=?=
File: !rainrain20151111@gmail.com                                      (24880)

Date: Sun Jan  3 15:00:45 2021
From: "Instagram" <no-reply@mail.instagram.com>
Subj: =?UTF-8?B?YW5nZV9ib3VxdWV044CBZHI=?=
File: /home/raindiamond/ai-jewelly.com/mail/ai-jewelly.com/info@ai-jew (24880)

Date: Mon Jan  4 15:41:15 2021
From: "Instagram" <no-reply@mail.instagram.com>
Subj: =?UTF-8?B?YWlfamV3ZWxseSDigJUgSW4=?=
File: !rainrain20151111@gmail.com                                      (23247)

Date: Mon Jan  4 15:41:15 2021
From: "Instagram" <no-reply@mail.instagram.com>
Subj: =?UTF-8?B?YWlfamV3ZWxseSDigJUgSW4=?=
File: /home/raindiamond/ai-jewelly.com/mail/ai-jewelly.com/info@ai-jew (23247)

Date: Mon Jan 11 23:20:36 2021
From: =?UTF-8?B?5qCq5byP5Lya56S+UkFJTg==?= <rainrain20151111@gmail.com>
Subj: test
File: !rainrain20151111@gmail.com                                       (3006)

Date: Mon Jan 11 23:20:36 2021
From: =?UTF-8?B?5qCq5byP5Lya56S+UkFJTg==?= <rainrain20151111@gmail.com>
Subj: test
File: /home/raindiamond/ai-jewelly.com/mail/ai-jewelly.com/info@ai-jewe (3006)

Date: Tue Jan 12 12:43:12 2021
From: "Instagram" <no-reply@mail.instagram.com>
Subj: =?UTF-8?B?YWlfamV3ZWxseSDigJUg44OV44Kj?=
File: !rainrain20151111@gmail.com                                      (29344)

Date: Tue Jan 12 12:43:12 2021
From: "Instagram" <no-reply@mail.instagram.com>
Subj: =?UTF-8?B?YWlfamV3ZWxseSDigJUg44OV44Kj?=
File: /home/raindiamond/ai-jewelly.com/mail/ai-jewelly.com/info@ai-jew (29344)

Date: Tue Jan 19 03:43:11 2021
From: "Instagram" <no-reply@mail.instagram.com>
Subj: =?UTF-8?B?YWlfamV3ZWxseSDigJUgSW4=?=
File: !rainrain20151111@gmail.com                                      (23339)

Date: Tue Jan 19 03:43:12 2021
From: "Instagram" <no-reply@mail.instagram.com>
Subj: =?UTF-8?B?YWlfamV3ZWxseSDigJUgSW4=?=
File: /home/raindiamond/ai-jewelly.com/mail/ai-jewelly.com/info@ai-jew (23339)

Date: Sat Jan 23 13:21:00 2021
From: "Instagram" <no-reply@mail.instagram.com>
Subj: =?UTF-8?B?YWlfamV3ZWxseSDigJUg44OV44Kj?=
File: !rainrain20151111@gmail.com                                      (29390)

Date: Sat Jan 23 13:21:00 2021
From: "Instagram" <no-reply@mail.instagram.com>
Subj: =?UTF-8?B?YWlfamV3ZWxseSDigJUg44OV44Kj?=
File: /home/raindiamond/ai-jewelly.com/mail/ai-jewelly.com/info@ai-jew (29390)

Date: Mon Jan 25 11:35:08 2021
From: =?UTF-8?B?44Ko44K344Kr44Or44OA44Kk44Ok44Oi44Oz44OJ?= <ethicaldiamonds77@
Subj: 
File: !rainrain20151111@gmail.com                                       (3132)

Date: Mon Jan 25 11:35:08 2021
From: =?UTF-8?B?44Ko44K344Kr44Or44OA44Kk44Ok44Oi44Oz44OJ?= <ethicaldiamonds77@
Subj: 
File: /home/raindiamond/ai-jewelly.com/mail/ai-jewelly.com/info@ai-jewe (3132)

Date: Mon Jan 25 11:36:02 2021
From: RAIN <rainrain20151111@gmail.com>
Subj: =?utf-8?Q?=E3=83=AC=E3=82=A4=E3=83=B3?=
File: !rainrain20151111@gmail.com                                       (5336)

Date: Mon Jan 25 11:36:02 2021
From: RAIN <rainrain20151111@gmail.com>
Subj: =?utf-8?Q?=E3=83=AC=E3=82=A4=E3=83=B3?=
File: /home/raindiamond/ai-jewelly.com/mail/ai-jewelly.com/info@ai-jewe (5336)

Date: Thu Jan 28 12:06:22 2021
From: "Instagram" <security@mail.instagram.com>
Subj: =?UTF-8?B?SW5zdGFncmFt44GrQXBwbGU=?=
File: !rainrain20151111@gmail.com                                      (14420)

Date: Thu Jan 28 12:06:22 2021
From: "Instagram" <security@mail.instagram.com>
Subj: =?UTF-8?B?SW5zdGFncmFt44GrQXBwbGU=?=
File: /home/raindiamond/ai-jewelly.com/mail/ai-jewelly.com/info@ai-jew (14420)

Date: Thu Jan 28 17:10:09 2021
From: "Instagram" <security@mail.instagram.com>
Subj: =?UTF-8?B?SW5zdGFncmFt44GrV2luZG8=?=
File: !rainrain20151111@gmail.com                                      (14347)

Date: Thu Jan 28 17:10:09 2021
From: "Instagram" <security@mail.instagram.com>
Subj: =?UTF-8?B?SW5zdGFncmFt44GrV2luZG8=?=
File: /home/raindiamond/ai-jewelly.com/mail/ai-jewelly.com/info@ai-jew (14347)

Date: Tue Feb  2 15:12:14 2021
From: "Instagram" <security@mail.instagram.com>
Subj: =?UTF-8?B?SW5zdGFncmFt44GrQXBwbGU=?=
File: !rainrain20151111@gmail.com                                      (14417)

Date: Tue Feb  2 15:12:14 2021
From: "Instagram" <security@mail.instagram.com>
Subj: =?UTF-8?B?SW5zdGFncmFt44GrQXBwbGU=?=
File: /home/raindiamond/ai-jewelly.com/mail/ai-jewelly.com/info@ai-jew (14417)

